<?xml version="1.0" encoding="UTF-8"?>
<testsuite name="org.launchcode.hello_spring.HelloSpringApplicationTests" tests="1" skipped="0" failures="0" errors="0" timestamp="2024-10-27T23:16:23" hostname="CALEBs-MBP" time="0.8">
  <properties/>
  <testcase name="contextLoads()" classname="org.launchcode.hello_spring.HelloSpringApplicationTests" time="0.8"/>
  <system-out><![CDATA[19:16:21.776 [Test worker] INFO org.springframework.test.context.support.AnnotationConfigContextLoaderUtils -- Could not detect default configuration classes for test class [org.launchcode.hello_spring.HelloSpringApplicationTests]: HelloSpringApplicationTests does not declare any static, non-private, non-final, nested classes annotated with @Configuration.
19:16:21.896 [Test worker] INFO org.springframework.boot.test.context.SpringBootTestContextBootstrapper -- Found @SpringBootConfiguration org.launchcode.hello_spring.HelloSpringApplication for test class org.launchcode.hello_spring.HelloSpringApplicationTests

  .   ____          _            __ _ _
 /\\ / ___'_ __ _ _(_)_ __  __ _ \ \ \ \
( ( )\___ | '_ | '_| | '_ \/ _` | \ \ \ \
 \\/  ___)| |_)| | | | | || (_| |  ) ) ) )
  '  |____| .__|_| |_|_| |_\__, | / / / /
 =========|_|==============|___/=/_/_/_/

 :: Spring Boot ::                (v3.3.5)

2024-10-27T19:16:22.328-04:00  INFO 99177 --- [hello-spring] [    Test worker] o.l.h.HelloSpringApplicationTests        : Starting HelloSpringApplicationTests using Java 17.0.12 with PID 99177 (started by calebouedraogo in /Users/calebouedraogo/Desktop/java-projects/hello-spring)
2024-10-27T19:16:22.330-04:00  INFO 99177 --- [hello-spring] [    Test worker] o.l.h.HelloSpringApplicationTests        : No active profile set, falling back to 1 default profile: "default"
2024-10-27T19:16:23.370-04:00  INFO 99177 --- [hello-spring] [    Test worker] o.l.h.HelloSpringApplicationTests        : Started HelloSpringApplicationTests in 1.312 seconds (process running for 2.681)
]]></system-out>
  <system-err><![CDATA[]]></system-err>
</testsuite>
